C:\Users\Jeff\Desktop\Quake-Mods-master\Release\cl.command.1.tlog
C:\Users\Jeff\Desktop\Quake-Mods-master\Release\CL.read.1.tlog
C:\Users\Jeff\Desktop\Quake-Mods-master\Release\CL.write.1.tlog
C:\USERS\JEFF\DESKTOP\QUAKE-MODS-MASTER\RELEASE\IDLIB.LIB
C:\USERS\JEFF\DESKTOP\QUAKE-MODS-MASTER\RELEASE\IDLIB.PDB
C:\Users\Jeff\Desktop\Quake-Mods-master\Release\idlib.write.1.tlog
C:\USERS\JEFF\DESKTOP\QUAKE-MODS-MASTER\RELEASE\IDLIB\ANGLES.OBJ
C:\USERS\JEFF\DESKTOP\QUAKE-MODS-MASTER\RELEASE\IDLIB\BASE64.OBJ
C:\USERS\JEFF\DESKTOP\QUAKE-MODS-MASTER\RELEASE\IDLIB\BITMSG.OBJ
C:\USERS\JEFF\DESKTOP\QUAKE-MODS-MASTER\RELEASE\IDLIB\BOUNDS.OBJ
C:\USERS\JEFF\DESKTOP\QUAKE-MODS-MASTER\RELEASE\IDLIB\BOX.OBJ
C:\USERS\JEFF\DESKTOP\QUAKE-MODS-MASTER\RELEASE\IDLIB\CMDARGS.OBJ
C:\USERS\JEFF\DESKTOP\QUAKE-MODS-MASTER\RELEASE\IDLIB\COMPLEX.OBJ
C:\USERS\JEFF\DESKTOP\QUAKE-MODS-MASTER\RELEASE\IDLIB\CRC16.OBJ
C:\USERS\JEFF\DESKTOP\QUAKE-MODS-MASTER\RELEASE\IDLIB\CRC32.OBJ
C:\USERS\JEFF\DESKTOP\QUAKE-MODS-MASTER\RELEASE\IDLIB\CRC8.OBJ
C:\USERS\JEFF\DESKTOP\QUAKE-MODS-MASTER\RELEASE\IDLIB\DICT.OBJ
C:\USERS\JEFF\DESKTOP\QUAKE-MODS-MASTER\RELEASE\IDLIB\FFT.OBJ
C:\USERS\JEFF\DESKTOP\QUAKE-MODS-MASTER\RELEASE\IDLIB\FRUSTUM.OBJ
C:\USERS\JEFF\DESKTOP\QUAKE-MODS-MASTER\RELEASE\IDLIB\HASHINDEX.OBJ
C:\USERS\JEFF\DESKTOP\QUAKE-MODS-MASTER\RELEASE\IDLIB\HEAP.OBJ
C:\USERS\JEFF\DESKTOP\QUAKE-MODS-MASTER\RELEASE\IDLIB\HONEYMAN.OBJ
C:\USERS\JEFF\DESKTOP\QUAKE-MODS-MASTER\RELEASE\IDLIB\IDLIB.PCH
C:\USERS\JEFF\DESKTOP\QUAKE-MODS-MASTER\RELEASE\IDLIB\JOINTTRANSFORM.OBJ
C:\USERS\JEFF\DESKTOP\QUAKE-MODS-MASTER\RELEASE\IDLIB\LANGDICT.OBJ
C:\USERS\JEFF\DESKTOP\QUAKE-MODS-MASTER\RELEASE\IDLIB\LCP.OBJ
C:\USERS\JEFF\DESKTOP\QUAKE-MODS-MASTER\RELEASE\IDLIB\LEXER.OBJ
C:\USERS\JEFF\DESKTOP\QUAKE-MODS-MASTER\RELEASE\IDLIB\LEXERFACTORY.OBJ
C:\USERS\JEFF\DESKTOP\QUAKE-MODS-MASTER\RELEASE\IDLIB\LIB.OBJ
C:\USERS\JEFF\DESKTOP\QUAKE-MODS-MASTER\RELEASE\IDLIB\MAPFILE.OBJ
C:\USERS\JEFF\DESKTOP\QUAKE-MODS-MASTER\RELEASE\IDLIB\MATH.OBJ
C:\USERS\JEFF\DESKTOP\QUAKE-MODS-MASTER\RELEASE\IDLIB\MATRIX.OBJ
C:\USERS\JEFF\DESKTOP\QUAKE-MODS-MASTER\RELEASE\IDLIB\MD4.OBJ
C:\USERS\JEFF\DESKTOP\QUAKE-MODS-MASTER\RELEASE\IDLIB\MD5.OBJ
C:\USERS\JEFF\DESKTOP\QUAKE-MODS-MASTER\RELEASE\IDLIB\ODE.OBJ
C:\USERS\JEFF\DESKTOP\QUAKE-MODS-MASTER\RELEASE\IDLIB\PARSER.OBJ
C:\USERS\JEFF\DESKTOP\QUAKE-MODS-MASTER\RELEASE\IDLIB\PLANE.OBJ
C:\USERS\JEFF\DESKTOP\QUAKE-MODS-MASTER\RELEASE\IDLIB\PLUECKER.OBJ
C:\USERS\JEFF\DESKTOP\QUAKE-MODS-MASTER\RELEASE\IDLIB\POLYNOMIAL.OBJ
C:\USERS\JEFF\DESKTOP\QUAKE-MODS-MASTER\RELEASE\IDLIB\QUAT.OBJ
C:\USERS\JEFF\DESKTOP\QUAKE-MODS-MASTER\RELEASE\IDLIB\RADIANS.OBJ
C:\USERS\JEFF\DESKTOP\QUAKE-MODS-MASTER\RELEASE\IDLIB\ROTATION.OBJ
C:\USERS\JEFF\DESKTOP\QUAKE-MODS-MASTER\RELEASE\IDLIB\RVHEAP.OBJ
C:\USERS\JEFF\DESKTOP\QUAKE-MODS-MASTER\RELEASE\IDLIB\RVHEAPARENA.OBJ
C:\USERS\JEFF\DESKTOP\QUAKE-MODS-MASTER\RELEASE\IDLIB\RVMEMSYS.OBJ
C:\USERS\JEFF\DESKTOP\QUAKE-MODS-MASTER\RELEASE\IDLIB\SIMD.OBJ
C:\USERS\JEFF\DESKTOP\QUAKE-MODS-MASTER\RELEASE\IDLIB\SIMD_3DNOW.OBJ
C:\USERS\JEFF\DESKTOP\QUAKE-MODS-MASTER\RELEASE\IDLIB\SIMD_GENERIC.OBJ
C:\USERS\JEFF\DESKTOP\QUAKE-MODS-MASTER\RELEASE\IDLIB\SIMD_MMX.OBJ
C:\USERS\JEFF\DESKTOP\QUAKE-MODS-MASTER\RELEASE\IDLIB\SIMD_SSE.OBJ
C:\USERS\JEFF\DESKTOP\QUAKE-MODS-MASTER\RELEASE\IDLIB\SIMD_SSE2.OBJ
C:\USERS\JEFF\DESKTOP\QUAKE-MODS-MASTER\RELEASE\IDLIB\SIMD_SSE3.OBJ
C:\USERS\JEFF\DESKTOP\QUAKE-MODS-MASTER\RELEASE\IDLIB\SPHERE.OBJ
C:\USERS\JEFF\DESKTOP\QUAKE-MODS-MASTER\RELEASE\IDLIB\STR.OBJ
C:\USERS\JEFF\DESKTOP\QUAKE-MODS-MASTER\RELEASE\IDLIB\SURFACE.OBJ
C:\USERS\JEFF\DESKTOP\QUAKE-MODS-MASTER\RELEASE\IDLIB\SURFACE_PATCH.OBJ
C:\USERS\JEFF\DESKTOP\QUAKE-MODS-MASTER\RELEASE\IDLIB\SURFACE_POLYTOPE.OBJ
C:\USERS\JEFF\DESKTOP\QUAKE-MODS-MASTER\RELEASE\IDLIB\SURFACE_SWEPTSPLINE.OBJ
C:\USERS\JEFF\DESKTOP\QUAKE-MODS-MASTER\RELEASE\IDLIB\TEXTCOMPILER.OBJ
C:\USERS\JEFF\DESKTOP\QUAKE-MODS-MASTER\RELEASE\IDLIB\TIMER.OBJ
C:\USERS\JEFF\DESKTOP\QUAKE-MODS-MASTER\RELEASE\IDLIB\TIMINGCOLLECTION.OBJ
C:\USERS\JEFF\DESKTOP\QUAKE-MODS-MASTER\RELEASE\IDLIB\TOKEN.OBJ
C:\USERS\JEFF\DESKTOP\QUAKE-MODS-MASTER\RELEASE\IDLIB\TRACEMODEL.OBJ
C:\USERS\JEFF\DESKTOP\QUAKE-MODS-MASTER\RELEASE\IDLIB\VECTOR.OBJ
C:\USERS\JEFF\DESKTOP\QUAKE-MODS-MASTER\RELEASE\IDLIB\WINDING.OBJ
C:\USERS\JEFF\DESKTOP\QUAKE-MODS-MASTER\RELEASE\IDLIB\WINDING2D.OBJ
C:\Users\Jeff\Desktop\Quake-Mods-master\Release\lib.command.1.tlog
C:\Users\Jeff\Desktop\Quake-Mods-master\Release\Lib-link.read.1.tlog
C:\Users\Jeff\Desktop\Quake-Mods-master\Release\Lib-link.write.1.tlog
